<?xml version="1.0" encoding="UTF-8"?>
<testng-results skipped="0" failed="0" ignored="0" total="1" passed="1">
  <reporter-output>
  </reporter-output>
  <suite name="Default suite" duration-ms="20025" started-at="2019-10-30T12:40:11Z" finished-at="2019-10-30T12:40:31Z">
    <groups>
      <group name="cucumber">
        <method signature="AbstractTestNGCucumberTests.feature(cucumber.api.testng.CucumberFeatureWrapper)[pri:0, instance:runner.Runner@56235b8e]" name="feature" class="cucumber.api.testng.AbstractTestNGCucumberTests"/>
      </group> <!-- cucumber -->
    </groups>
    <test name="Default test" duration-ms="20025" started-at="2019-10-30T12:40:11Z" finished-at="2019-10-30T12:40:31Z">
      <class name="runner.Runner">
        <test-method status="PASS" signature="setUpClass()[pri:0, instance:runner.Runner@56235b8e]" name="setUpClass" is-config="true" duration-ms="452" started-at="2019-10-30T12:40:11Z" finished-at="2019-10-30T12:40:11Z">
          <reporter-output>
          </reporter-output>
        </test-method> <!-- setUpClass -->
        <test-method status="PASS" signature="feature(cucumber.api.testng.CucumberFeatureWrapper)[pri:0, instance:runner.Runner@56235b8e]" name="feature" duration-ms="19185" started-at="2019-10-30T12:40:11Z" description="Runs Cucumber Feature" data-provider="features" finished-at="2019-10-30T12:40:31Z">
          <params>
            <param index="0">
              <value>
                <![CDATA[Youtube channel validation test]]>
              </value>
            </param>
          </params>
          <reporter-output>
          </reporter-output>
        </test-method> <!-- feature -->
        <test-method status="PASS" signature="tearDownClass()[pri:0, instance:runner.Runner@56235b8e]" name="tearDownClass" is-config="true" duration-ms="169" started-at="2019-10-30T12:40:31Z" finished-at="2019-10-30T12:40:31Z">
          <reporter-output>
          </reporter-output>
        </test-method> <!-- tearDownClass -->
      </class> <!-- runner.Runner -->
    </test> <!-- Default test -->
  </suite> <!-- Default suite -->
</testng-results>
